<?xml version="1.0" encoding="UTF-8"?>
<!-- Generated by org.testng.reporters.JUnitReportReporter -->
<testsuite skipped="0" hostname="DESKTOP-O6OBHOQ" name="testCases.TC_LoginTest_001" tests="1" failures="0" timestamp="22 Apr 2019 01:33:31 GMT" time="6.920" errors="0">
  <testcase name="loginTest" time="6.920" classname="testCases.TC_LoginTest_001"/>
</testsuite> <!-- testCases.TC_LoginTest_001 -->
