<?xml version="1.0" encoding="UTF-8"?>
<!-- Generated by org.testng.reporters.JUnitReportReporter -->
<testsuite skipped="0" hostname="DESKTOP-O6OBHOQ" name="testCases.TC_AddCustomerTest_003" tests="1" failures="0" timestamp="22 Apr 2019 01:33:31 GMT" time="21.814" errors="0">
  <testcase name="addNewCustomer" time="21.814" classname="testCases.TC_AddCustomerTest_003"/>
</testsuite> <!-- testCases.TC_AddCustomerTest_003 -->
