<?xml version="1.0" encoding="UTF-8"?>
<!-- Generated by org.testng.reporters.JUnitReportReporter -->
<testsuite hostname="DESKTOP-O6OBHOQ" failures="0" tests="1" name="testCases.TC_AddCustomerTest_003" time="25.245" errors="0" timestamp="22 Apr 2019 18:18:27 GMT" skipped="0">
  <testcase classname="testCases.TC_AddCustomerTest_003" name="addNewCustomer" time="25.245"/>
</testsuite> <!-- testCases.TC_AddCustomerTest_003 -->
