<?xml version="1.0" encoding="UTF-8"?>
<!-- Generated by org.testng.reporters.JUnitReportReporter -->
<testsuite hostname="DESKTOP-O6OBHOQ" failures="0" tests="1" name="testCases.TC_LoginTest_001" time="49.093" errors="0" timestamp="22 Apr 2019 18:18:27 GMT" skipped="0">
  <testcase classname="testCases.TC_LoginTest_001" name="loginTest" time="49.093"/>
</testsuite> <!-- testCases.TC_LoginTest_001 -->
